[33m[nodemon] 2.0.22[39m
[33m[nodemon] to restart at any time, enter `rs`[39m
[33m[nodemon] watching path(s): *.*[39m
[33m[nodemon] watching extensions: ts,json[39m
[32m[nodemon] starting `ts-node src/main_server.ts`[39m
node:events:491
      throw er; // Unhandled 'error' event
      ^

Error: EBADF: bad file descriptor, read
Emitted 'error' event on ReadStream instance at:
    at emitErrorNT (node:internal/streams/destroy:151:8)
    at errorOrDestroy (node:internal/streams/destroy:214:7)
    at node:internal/fs/streams:258:9
    at FSReqCallback.wrapper [as oncomplete] (node:fs:676:5) {
  errno: -9,
  code: 'EBADF',
  syscall: 'read'
}

Node.js v18.10.0
Server running on http://localhost:4201
[33m[nodemon] 2.0.22[39m
[33m[nodemon] to restart at any time, enter `rs`[39m
[33m[nodemon] watching path(s): *.*[39m
[33m[nodemon] watching extensions: ts,json[39m
[32m[nodemon] starting `ts-node src/main_server.ts`[39m
node:events:491
      throw er; // Unhandled 'error' event
      ^

Error: EBADF: bad file descriptor, read
Emitted 'error' event on ReadStream instance at:
    at emitErrorNT (node:internal/streams/destroy:151:8)
    at errorOrDestroy (node:internal/streams/destroy:214:7)
    at node:internal/fs/streams:258:9
    at FSReqCallback.wrapper [as oncomplete] (node:fs:676:5) {
  errno: -9,
  code: 'EBADF',
  syscall: 'read'
}

Node.js v18.10.0
Error: listen EADDRINUSE: address already in use :::4201
    at Server.setupListenHandle [as _listen2] (node:net:1485:16)
    at listenInCluster (node:net:1533:12)
    at Server.listen (node:net:1621:7)
    at Function.listen (/home/odi/dev/prj/side_nav/node_modules/express/lib/application.js:635:24)
    at Object.<anonymous> (/home/odi/dev/prj/side_nav/express/src/main_server.ts:345:7)
    at Module._compile (node:internal/modules/cjs/loader:1149:14)
    at Module.m._compile (/home/odi/dev/prj/side_nav/express/node_modules/ts-node/src/index.ts:1618:23)
    at Module._extensions..js (node:internal/modules/cjs/loader:1203:10)
    at Object.require.extensions.<computed> [as .ts] (/home/odi/dev/prj/side_nav/express/node_modules/ts-node/src/index.ts:1621:12)
    at Module.load (node:internal/modules/cjs/loader:1027:32)
    at Function.Module._load (node:internal/modules/cjs/loader:868:12)
    at Function.executeUserEntryPoint [as runMain] (node:internal/modules/run_main:81:12)
    at phase4 (/home/odi/dev/prj/side_nav/express/node_modules/ts-node/src/bin.ts:649:14)
    at bootstrap (/home/odi/dev/prj/side_nav/express/node_modules/ts-node/src/bin.ts:95:10)
    at main (/home/odi/dev/prj/side_nav/express/node_modules/ts-node/src/bin.ts:55:10)
    at Object.<anonymous> (/home/odi/dev/prj/side_nav/express/node_modules/ts-node/src/bin.ts:800:3) {
  code: 'EADDRINUSE',
  errno: -98,
  syscall: 'listen',
  address: '::',
  port: 4201
}
